{"C:\\Users\\RosemarieLopezH\\Documents\\lim20181-Track-FE-markdown-list\\indexx.js": {"path":"C:\\Users\\RosemarieLopezH\\Documents\\lim20181-Track-FE-markdown-list\\indexx.js","statementMap":{"0":{"start":{"line":1,"column":11},"end":{"line":1,"column":24}},"1":{"start":{"line":2,"column":14},"end":{"line":2,"column":35}},"2":{"start":{"line":3,"column":13},"end":{"line":3,"column":28}},"3":{"start":{"line":4,"column":15},"end":{"line":4,"column":32}},"4":{"start":{"line":5,"column":14},"end":{"line":5,"column":34}},"5":{"start":{"line":7,"column":22},"end":{"line":22,"column":1}},"6":{"start":{"line":8,"column":15},"end":{"line":8,"column":17}},"7":{"start":{"line":9,"column":19},"end":{"line":9,"column":40}},"8":{"start":{"line":10,"column":2},"end":{"line":20,"column":4}},"9":{"start":{"line":11,"column":24},"end":{"line":11,"column":54}},"10":{"start":{"line":12,"column":4},"end":{"line":18,"column":6}},"11":{"start":{"line":13,"column":6},"end":{"line":17,"column":9}},"12":{"start":{"line":19,"column":4},"end":{"line":19,"column":48}},"13":{"start":{"line":21,"column":2},"end":{"line":21,"column":15}},"14":{"start":{"line":25,"column":29},"end":{"line":36,"column":1}},"15":{"start":{"line":26,"column":18},"end":{"line":26,"column":64}},"16":{"start":{"line":26,"column":46},"end":{"line":26,"column":62}},"17":{"start":{"line":27,"column":25},"end":{"line":27,"column":65}},"18":{"start":{"line":27,"column":49},"end":{"line":27,"column":64}},"19":{"start":{"line":28,"column":2},"end":{"line":35,"column":6}},"20":{"start":{"line":30,"column":6},"end":{"line":33,"column":8}},"21":{"start":{"line":31,"column":8},"end":{"line":31,"column":45}},"22":{"start":{"line":32,"column":8},"end":{"line":32,"column":52}},"23":{"start":{"line":34,"column":6},"end":{"line":34,"column":21}},"24":{"start":{"line":38,"column":13},"end":{"line":48,"column":1}},"25":{"start":{"line":39,"column":18},"end":{"line":39,"column":65}},"26":{"start":{"line":39,"column":47},"end":{"line":39,"column":63}},"27":{"start":{"line":40,"column":21},"end":{"line":40,"column":23}},"28":{"start":{"line":42,"column":17},"end":{"line":42,"column":43}},"29":{"start":{"line":43,"column":17},"end":{"line":46,"column":3}},"30":{"start":{"line":47,"column":2},"end":{"line":47,"column":15}},"31":{"start":{"line":50,"column":22},"end":{"line":64,"column":1}},"32":{"start":{"line":52,"column":2},"end":{"line":63,"column":4}},"33":{"start":{"line":53,"column":17},"end":{"line":53,"column":18}},"34":{"start":{"line":54,"column":4},"end":{"line":58,"column":6}},"35":{"start":{"line":55,"column":6},"end":{"line":57,"column":7}},"36":{"start":{"line":56,"column":8},"end":{"line":56,"column":19}},"37":{"start":{"line":59,"column":4},"end":{"line":59,"column":18}},"38":{"start":{"line":61,"column":4},"end":{"line":61,"column":30}},"39":{"start":{"line":62,"column":4},"end":{"line":62,"column":24}},"40":{"start":{"line":67,"column":21},"end":{"line":83,"column":1}},"41":{"start":{"line":68,"column":23},"end":{"line":68,"column":42}},"42":{"start":{"line":69,"column":16},"end":{"line":69,"column":18}},"43":{"start":{"line":70,"column":13},"end":{"line":70,"column":38}},"44":{"start":{"line":71,"column":2},"end":{"line":81,"column":3}},"45":{"start":{"line":72,"column":4},"end":{"line":74,"column":5}},"46":{"start":{"line":73,"column":6},"end":{"line":73,"column":32}},"47":{"start":{"line":75,"column":9},"end":{"line":81,"column":3}},"48":{"start":{"line":76,"column":20},"end":{"line":76,"column":48}},"49":{"start":{"line":78,"column":4},"end":{"line":80,"column":6}},"50":{"start":{"line":79,"column":6},"end":{"line":79,"column":77}},"51":{"start":{"line":82,"column":2},"end":{"line":82,"column":17}},"52":{"start":{"line":86,"column":16},"end":{"line":112,"column":1}},"53":{"start":{"line":88,"column":2},"end":{"line":111,"column":5}},"54":{"start":{"line":89,"column":4},"end":{"line":110,"column":5}},"55":{"start":{"line":90,"column":6},"end":{"line":90,"column":64}},"56":{"start":{"line":92,"column":29},"end":{"line":92,"column":55}},"57":{"start":{"line":93,"column":23},"end":{"line":93,"column":52}},"58":{"start":{"line":94,"column":19},"end":{"line":94,"column":27}},"59":{"start":{"line":98,"column":6},"end":{"line":101,"column":7}},"60":{"start":{"line":99,"column":8},"end":{"line":99,"column":52}},"61":{"start":{"line":100,"column":8},"end":{"line":100,"column":28}},"62":{"start":{"line":102,"column":6},"end":{"line":105,"column":7}},"63":{"start":{"line":103,"column":8},"end":{"line":103,"column":37}},"64":{"start":{"line":104,"column":8},"end":{"line":104,"column":29}},"65":{"start":{"line":106,"column":6},"end":{"line":108,"column":7}},"66":{"start":{"line":107,"column":8},"end":{"line":107,"column":57}},"67":{"start":{"line":109,"column":6},"end":{"line":109,"column":21}},"68":{"start":{"line":113,"column":0},"end":{"line":113,"column":24}}},"fnMap":{"0":{"name":"(anonymous_0)","decl":{"start":{"line":7,"column":22},"end":{"line":7,"column":23}},"loc":{"start":{"line":7,"column":42},"end":{"line":22,"column":1}},"line":7},"1":{"name":"(anonymous_1)","decl":{"start":{"line":10,"column":25},"end":{"line":10,"column":26}},"loc":{"start":{"line":10,"column":33},"end":{"line":20,"column":3}},"line":10},"2":{"name":"(anonymous_2)","decl":{"start":{"line":12,"column":20},"end":{"line":12,"column":21}},"loc":{"start":{"line":12,"column":43},"end":{"line":18,"column":5}},"line":12},"3":{"name":"(anonymous_3)","decl":{"start":{"line":25,"column":29},"end":{"line":25,"column":30}},"loc":{"start":{"line":25,"column":42},"end":{"line":36,"column":1}},"line":25},"4":{"name":"(anonymous_4)","decl":{"start":{"line":26,"column":31},"end":{"line":26,"column":32}},"loc":{"start":{"line":26,"column":46},"end":{"line":26,"column":62}},"line":26},"5":{"name":"(anonymous_5)","decl":{"start":{"line":27,"column":37},"end":{"line":27,"column":38}},"loc":{"start":{"line":27,"column":49},"end":{"line":27,"column":64}},"line":27},"6":{"name":"(anonymous_6)","decl":{"start":{"line":29,"column":10},"end":{"line":29,"column":11}},"loc":{"start":{"line":29,"column":19},"end":{"line":35,"column":5}},"line":29},"7":{"name":"(anonymous_7)","decl":{"start":{"line":30,"column":18},"end":{"line":30,"column":19}},"loc":{"start":{"line":30,"column":40},"end":{"line":33,"column":7}},"line":30},"8":{"name":"(anonymous_8)","decl":{"start":{"line":38,"column":13},"end":{"line":38,"column":14}},"loc":{"start":{"line":38,"column":27},"end":{"line":48,"column":1}},"line":38},"9":{"name":"(anonymous_9)","decl":{"start":{"line":39,"column":32},"end":{"line":39,"column":33}},"loc":{"start":{"line":39,"column":47},"end":{"line":39,"column":63}},"line":39},"10":{"name":"(anonymous_10)","decl":{"start":{"line":50,"column":22},"end":{"line":50,"column":23}},"loc":{"start":{"line":50,"column":53},"end":{"line":64,"column":1}},"line":50},"11":{"name":"(anonymous_11)","decl":{"start":{"line":52,"column":26},"end":{"line":52,"column":27}},"loc":{"start":{"line":52,"column":38},"end":{"line":60,"column":3}},"line":52},"12":{"name":"(anonymous_12)","decl":{"start":{"line":54,"column":21},"end":{"line":54,"column":22}},"loc":{"start":{"line":54,"column":31},"end":{"line":58,"column":5}},"line":54},"13":{"name":"(anonymous_13)","decl":{"start":{"line":60,"column":10},"end":{"line":60,"column":11}},"loc":{"start":{"line":60,"column":19},"end":{"line":63,"column":3}},"line":60},"14":{"name":"(anonymous_14)","decl":{"start":{"line":67,"column":21},"end":{"line":67,"column":22}},"loc":{"start":{"line":67,"column":32},"end":{"line":83,"column":1}},"line":67},"15":{"name":"(anonymous_15)","decl":{"start":{"line":78,"column":20},"end":{"line":78,"column":21}},"loc":{"start":{"line":78,"column":28},"end":{"line":80,"column":5}},"line":78},"16":{"name":"(anonymous_16)","decl":{"start":{"line":86,"column":16},"end":{"line":86,"column":17}},"loc":{"start":{"line":86,"column":29},"end":{"line":112,"column":1}},"line":86},"17":{"name":"(anonymous_17)","decl":{"start":{"line":88,"column":21},"end":{"line":88,"column":22}},"loc":{"start":{"line":88,"column":42},"end":{"line":111,"column":3}},"line":88}},"branchMap":{"0":{"loc":{"start":{"line":55,"column":6},"end":{"line":57,"column":7}},"type":"if","locations":[{"start":{"line":55,"column":6},"end":{"line":57,"column":7}},{"start":{"line":55,"column":6},"end":{"line":57,"column":7}}],"line":55},"1":{"loc":{"start":{"line":71,"column":2},"end":{"line":81,"column":3}},"type":"if","locations":[{"start":{"line":71,"column":2},"end":{"line":81,"column":3}},{"start":{"line":71,"column":2},"end":{"line":81,"column":3}}],"line":71},"2":{"loc":{"start":{"line":72,"column":4},"end":{"line":74,"column":5}},"type":"if","locations":[{"start":{"line":72,"column":4},"end":{"line":74,"column":5}},{"start":{"line":72,"column":4},"end":{"line":74,"column":5}}],"line":72},"3":{"loc":{"start":{"line":75,"column":9},"end":{"line":81,"column":3}},"type":"if","locations":[{"start":{"line":75,"column":9},"end":{"line":81,"column":3}},{"start":{"line":75,"column":9},"end":{"line":81,"column":3}}],"line":75},"4":{"loc":{"start":{"line":89,"column":4},"end":{"line":110,"column":5}},"type":"if","locations":[{"start":{"line":89,"column":4},"end":{"line":110,"column":5}},{"start":{"line":89,"column":4},"end":{"line":110,"column":5}}],"line":89},"5":{"loc":{"start":{"line":98,"column":6},"end":{"line":101,"column":7}},"type":"if","locations":[{"start":{"line":98,"column":6},"end":{"line":101,"column":7}},{"start":{"line":98,"column":6},"end":{"line":101,"column":7}}],"line":98},"6":{"loc":{"start":{"line":102,"column":6},"end":{"line":105,"column":7}},"type":"if","locations":[{"start":{"line":102,"column":6},"end":{"line":105,"column":7}},{"start":{"line":102,"column":6},"end":{"line":105,"column":7}}],"line":102},"7":{"loc":{"start":{"line":106,"column":6},"end":{"line":108,"column":7}},"type":"if","locations":[{"start":{"line":106,"column":6},"end":{"line":108,"column":7}},{"start":{"line":106,"column":6},"end":{"line":108,"column":7}}],"line":106},"8":{"loc":{"start":{"line":106,"column":10},"end":{"line":106,"column":43}},"type":"binary-expr","locations":[{"start":{"line":106,"column":10},"end":{"line":106,"column":23}},{"start":{"line":106,"column":27},"end":{"line":106,"column":43}}],"line":106}},"s":{"0":1,"1":1,"2":1,"3":1,"4":1,"5":1,"6":4,"7":4,"8":4,"9":4,"10":4,"11":16,"12":4,"13":4,"14":1,"15":2,"16":8,"17":2,"18":8,"19":2,"20":2,"21":8,"22":8,"23":2,"24":1,"25":2,"26":8,"27":2,"28":2,"29":2,"30":2,"31":1,"32":1,"33":1,"34":1,"35":4,"36":0,"37":1,"38":1,"39":1,"40":1,"41":4,"42":4,"43":4,"44":4,"45":4,"46":4,"47":0,"48":0,"49":0,"50":0,"51":4,"52":1,"53":4,"54":4,"55":0,"56":4,"57":4,"58":4,"59":4,"60":2,"61":2,"62":4,"63":2,"64":2,"65":4,"66":1,"67":4,"68":1},"f":{"0":4,"1":4,"2":16,"3":2,"4":8,"5":8,"6":2,"7":8,"8":2,"9":8,"10":1,"11":1,"12":4,"13":1,"14":4,"15":0,"16":4,"17":4},"b":{"0":[0,4],"1":[4,0],"2":[4,0],"3":[0,0],"4":[0,4],"5":[2,2],"6":[2,2],"7":[1,3],"8":[4,2]},"_coverageSchema":"332fd63041d2c1bcb487cc26dd0d5f7d97098a6c","hash":"27c66e2e543b390649b91629b5e0cc502fb156d4"}
}
