TN:
SF:C:\Users\RosemarieLopezH\Documents\lim20181-Track-FE-markdown-list\indexx.js
FN:7,(anonymous_0)
FN:10,(anonymous_1)
FN:12,(anonymous_2)
FN:25,(anonymous_3)
FN:26,(anonymous_4)
FN:27,(anonymous_5)
FN:29,(anonymous_6)
FN:30,(anonymous_7)
FN:38,(anonymous_8)
FN:39,(anonymous_9)
FN:50,(anonymous_10)
FN:52,(anonymous_11)
FN:54,(anonymous_12)
FN:60,(anonymous_13)
FN:67,(anonymous_14)
FN:78,(anonymous_15)
FN:86,(anonymous_16)
FN:88,(anonymous_17)
FNF:18
FNH:17
FNDA:4,(anonymous_0)
FNDA:4,(anonymous_1)
FNDA:16,(anonymous_2)
FNDA:2,(anonymous_3)
FNDA:8,(anonymous_4)
FNDA:8,(anonymous_5)
FNDA:2,(anonymous_6)
FNDA:8,(anonymous_7)
FNDA:2,(anonymous_8)
FNDA:8,(anonymous_9)
FNDA:1,(anonymous_10)
FNDA:1,(anonymous_11)
FNDA:4,(anonymous_12)
FNDA:1,(anonymous_13)
FNDA:4,(anonymous_14)
FNDA:0,(anonymous_15)
FNDA:4,(anonymous_16)
FNDA:4,(anonymous_17)
DA:1,1
DA:2,1
DA:3,1
DA:4,1
DA:5,1
DA:7,1
DA:8,4
DA:9,4
DA:10,4
DA:11,4
DA:12,4
DA:13,16
DA:19,4
DA:21,4
DA:25,1
DA:26,8
DA:27,8
DA:28,2
DA:30,2
DA:31,8
DA:32,8
DA:34,2
DA:38,1
DA:39,8
DA:40,2
DA:42,2
DA:43,2
DA:47,2
DA:50,1
DA:52,1
DA:53,1
DA:54,1
DA:55,4
DA:56,0
DA:59,1
DA:61,1
DA:62,1
DA:67,1
DA:68,4
DA:69,4
DA:70,4
DA:71,4
DA:72,4
DA:73,4
DA:75,0
DA:76,0
DA:78,0
DA:79,0
DA:82,4
DA:86,1
DA:88,4
DA:89,4
DA:90,0
DA:92,4
DA:93,4
DA:94,4
DA:98,4
DA:99,2
DA:100,2
DA:102,4
DA:103,2
DA:104,2
DA:106,4
DA:107,1
DA:109,4
DA:113,1
LF:66
LH:60
BRDA:55,0,0,0
BRDA:55,0,1,4
BRDA:71,1,0,4
BRDA:71,1,1,0
BRDA:72,2,0,4
BRDA:72,2,1,0
BRDA:75,3,0,0
BRDA:75,3,1,0
BRDA:89,4,0,0
BRDA:89,4,1,4
BRDA:98,5,0,2
BRDA:98,5,1,2
BRDA:102,6,0,2
BRDA:102,6,1,2
BRDA:106,7,0,1
BRDA:106,7,1,3
BRDA:106,8,0,4
BRDA:106,8,1,2
BRF:18
BRH:12
end_of_record
